Analysis & Synthesis report for WRAPPER_EXAM_III
Wed Dec 09 17:46:30 2015
Quartus II 64-Bit Version 14.0.0 Build 200 06/17/2014 SJ Web Edition


---------------------
; Table of Contents ;
---------------------
  1. Legal Notice
  2. Analysis & Synthesis Summary
  3. Analysis & Synthesis Settings
  4. Parallel Compilation
  5. Analysis & Synthesis Source Files Read
  6. Analysis & Synthesis Resource Usage Summary
  7. Analysis & Synthesis Resource Utilization by Entity
  8. State Machine - |WRAPPER_EXAM_III|S
  9. State Machine - |WRAPPER_EXAM_III|debounce_DE2_SW:deb|debouncer:sw16|S
 10. State Machine - |WRAPPER_EXAM_III|debounce_DE2_SW:deb|debouncer:sw15|S
 11. State Machine - |WRAPPER_EXAM_III|debounce_DE2_SW:deb|debouncer:sw14|S
 12. State Machine - |WRAPPER_EXAM_III|debounce_DE2_SW:deb|debouncer:sw13|S
 13. State Machine - |WRAPPER_EXAM_III|debounce_DE2_SW:deb|debouncer:sw12|S
 14. State Machine - |WRAPPER_EXAM_III|debounce_DE2_SW:deb|debouncer:sw11|S
 15. State Machine - |WRAPPER_EXAM_III|debounce_DE2_SW:deb|debouncer:sw10|S
 16. State Machine - |WRAPPER_EXAM_III|debounce_DE2_SW:deb|debouncer:sw9|S
 17. State Machine - |WRAPPER_EXAM_III|debounce_DE2_SW:deb|debouncer:sw8|S
 18. State Machine - |WRAPPER_EXAM_III|debounce_DE2_SW:deb|debouncer:sw7|S
 19. State Machine - |WRAPPER_EXAM_III|debounce_DE2_SW:deb|debouncer:sw6|S
 20. State Machine - |WRAPPER_EXAM_III|debounce_DE2_SW:deb|debouncer:sw5|S
 21. State Machine - |WRAPPER_EXAM_III|debounce_DE2_SW:deb|debouncer:sw4|S
 22. State Machine - |WRAPPER_EXAM_III|debounce_DE2_SW:deb|debouncer:sw3|S
 23. State Machine - |WRAPPER_EXAM_III|debounce_DE2_SW:deb|debouncer:sw2|S
 24. State Machine - |WRAPPER_EXAM_III|debounce_DE2_SW:deb|debouncer:sw1|S
 25. State Machine - |WRAPPER_EXAM_III|debounce_DE2_SW:deb|debouncer:sw0|S
 26. Registers Removed During Synthesis
 27. Removed Registers Triggering Further Register Optimizations
 28. General Register Statistics
 29. Parameter Settings for User Entity Instance: Top-level Entity: |WRAPPER_EXAM_III
 30. Parameter Settings for User Entity Instance: debounce_DE2_SW:deb|debouncer:sw0
 31. Parameter Settings for User Entity Instance: debounce_DE2_SW:deb|debouncer:sw1
 32. Parameter Settings for User Entity Instance: debounce_DE2_SW:deb|debouncer:sw2
 33. Parameter Settings for User Entity Instance: debounce_DE2_SW:deb|debouncer:sw3
 34. Parameter Settings for User Entity Instance: debounce_DE2_SW:deb|debouncer:sw4
 35. Parameter Settings for User Entity Instance: debounce_DE2_SW:deb|debouncer:sw5
 36. Parameter Settings for User Entity Instance: debounce_DE2_SW:deb|debouncer:sw6
 37. Parameter Settings for User Entity Instance: debounce_DE2_SW:deb|debouncer:sw7
 38. Parameter Settings for User Entity Instance: debounce_DE2_SW:deb|debouncer:sw8
 39. Parameter Settings for User Entity Instance: debounce_DE2_SW:deb|debouncer:sw9
 40. Parameter Settings for User Entity Instance: debounce_DE2_SW:deb|debouncer:sw10
 41. Parameter Settings for User Entity Instance: debounce_DE2_SW:deb|debouncer:sw11
 42. Parameter Settings for User Entity Instance: debounce_DE2_SW:deb|debouncer:sw12
 43. Parameter Settings for User Entity Instance: debounce_DE2_SW:deb|debouncer:sw13
 44. Parameter Settings for User Entity Instance: debounce_DE2_SW:deb|debouncer:sw14
 45. Parameter Settings for User Entity Instance: debounce_DE2_SW:deb|debouncer:sw15
 46. Parameter Settings for User Entity Instance: debounce_DE2_SW:deb|debouncer:sw16
 47. Port Connectivity Checks: "debounce_DE2_SW:deb"
 48. Post-Synthesis Netlist Statistics for Top Partition
 49. Elapsed Time Per Partition
 50. Analysis & Synthesis Messages



----------------
; Legal Notice ;
----------------
Copyright (C) 1991-2014 Altera Corporation. All rights reserved.
Your use of Altera Corporation's design tools, logic functions 
and other software and tools, and its AMPP partner logic 
functions, and any output files from any of the foregoing 
(including device programming or simulation files), and any 
associated documentation or information are expressly subject 
to the terms and conditions of the Altera Program License 
Subscription Agreement, the Altera Quartus II License Agreement,
the Altera MegaCore Function License Agreement, or other 
applicable license agreement, including, without limitation, 
that your use is for the sole purpose of programming logic 
devices manufactured by Altera and sold by Altera or its 
authorized distributors.  Please refer to the applicable 
agreement for further details.



+---------------------------------------------------------------------------------+
; Analysis & Synthesis Summary                                                    ;
+------------------------------------+--------------------------------------------+
; Analysis & Synthesis Status        ; Successful - Wed Dec 09 17:46:30 2015      ;
; Quartus II 64-Bit Version          ; 14.0.0 Build 200 06/17/2014 SJ Web Edition ;
; Revision Name                      ; WRAPPER_EXAM_III                           ;
; Top-level Entity Name              ; WRAPPER_EXAM_III                           ;
; Family                             ; Cyclone IV E                               ;
; Total logic elements               ; 686                                        ;
;     Total combinational functions  ; 614                                        ;
;     Dedicated logic registers      ; 538                                        ;
; Total registers                    ; 538                                        ;
; Total pins                         ; 50                                         ;
; Total virtual pins                 ; 0                                          ;
; Total memory bits                  ; 0                                          ;
; Embedded Multiplier 9-bit elements ; 0                                          ;
; Total PLLs                         ; 0                                          ;
+------------------------------------+--------------------------------------------+


+----------------------------------------------------------------------------------------------------------------------+
; Analysis & Synthesis Settings                                                                                        ;
+----------------------------------------------------------------------------+--------------------+--------------------+
; Option                                                                     ; Setting            ; Default Value      ;
+----------------------------------------------------------------------------+--------------------+--------------------+
; Device                                                                     ; EP4CE115F29C7      ;                    ;
; Top-level entity name                                                      ; WRAPPER_EXAM_III   ; WRAPPER_EXAM_III   ;
; Family name                                                                ; Cyclone IV E       ; Cyclone IV GX      ;
; Use smart compilation                                                      ; Off                ; Off                ;
; Enable parallel Assembler and TimeQuest Timing Analyzer during compilation ; On                 ; On                 ;
; Enable compact report table                                                ; Off                ; Off                ;
; Restructure Multiplexers                                                   ; Auto               ; Auto               ;
; Create Debugging Nodes for IP Cores                                        ; Off                ; Off                ;
; Preserve fewer node names                                                  ; On                 ; On                 ;
; Disable OpenCore Plus hardware evaluation                                  ; Off                ; Off                ;
; Verilog Version                                                            ; Verilog_2001       ; Verilog_2001       ;
; VHDL Version                                                               ; VHDL_1993          ; VHDL_1993          ;
; State Machine Processing                                                   ; Auto               ; Auto               ;
; Safe State Machine                                                         ; Off                ; Off                ;
; Extract Verilog State Machines                                             ; On                 ; On                 ;
; Extract VHDL State Machines                                                ; On                 ; On                 ;
; Ignore Verilog initial constructs                                          ; Off                ; Off                ;
; Iteration limit for constant Verilog loops                                 ; 5000               ; 5000               ;
; Iteration limit for non-constant Verilog loops                             ; 250                ; 250                ;
; Add Pass-Through Logic to Inferred RAMs                                    ; On                 ; On                 ;
; Infer RAMs from Raw Logic                                                  ; On                 ; On                 ;
; Parallel Synthesis                                                         ; On                 ; On                 ;
; DSP Block Balancing                                                        ; Auto               ; Auto               ;
; NOT Gate Push-Back                                                         ; On                 ; On                 ;
; Power-Up Don't Care                                                        ; On                 ; On                 ;
; Remove Redundant Logic Cells                                               ; Off                ; Off                ;
; Remove Duplicate Registers                                                 ; On                 ; On                 ;
; Ignore CARRY Buffers                                                       ; Off                ; Off                ;
; Ignore CASCADE Buffers                                                     ; Off                ; Off                ;
; Ignore GLOBAL Buffers                                                      ; Off                ; Off                ;
; Ignore ROW GLOBAL Buffers                                                  ; Off                ; Off                ;
; Ignore LCELL Buffers                                                       ; Off                ; Off                ;
; Ignore SOFT Buffers                                                        ; On                 ; On                 ;
; Limit AHDL Integers to 32 Bits                                             ; Off                ; Off                ;
; Optimization Technique                                                     ; Balanced           ; Balanced           ;
; Carry Chain Length                                                         ; 70                 ; 70                 ;
; Auto Carry Chains                                                          ; On                 ; On                 ;
; Auto Open-Drain Pins                                                       ; On                 ; On                 ;
; Perform WYSIWYG Primitive Resynthesis                                      ; Off                ; Off                ;
; Auto ROM Replacement                                                       ; On                 ; On                 ;
; Auto RAM Replacement                                                       ; On                 ; On                 ;
; Auto DSP Block Replacement                                                 ; On                 ; On                 ;
; Auto Shift Register Replacement                                            ; Auto               ; Auto               ;
; Allow Shift Register Merging across Hierarchies                            ; Auto               ; Auto               ;
; Auto Clock Enable Replacement                                              ; On                 ; On                 ;
; Strict RAM Replacement                                                     ; Off                ; Off                ;
; Allow Synchronous Control Signals                                          ; On                 ; On                 ;
; Force Use of Synchronous Clear Signals                                     ; Off                ; Off                ;
; Auto RAM Block Balancing                                                   ; On                 ; On                 ;
; Auto RAM to Logic Cell Conversion                                          ; Off                ; Off                ;
; Auto Resource Sharing                                                      ; Off                ; Off                ;
; Allow Any RAM Size For Recognition                                         ; Off                ; Off                ;
; Allow Any ROM Size For Recognition                                         ; Off                ; Off                ;
; Allow Any Shift Register Size For Recognition                              ; Off                ; Off                ;
; Use LogicLock Constraints during Resource Balancing                        ; On                 ; On                 ;
; Ignore translate_off and synthesis_off directives                          ; Off                ; Off                ;
; Timing-Driven Synthesis                                                    ; On                 ; On                 ;
; Report Parameter Settings                                                  ; On                 ; On                 ;
; Report Source Assignments                                                  ; On                 ; On                 ;
; Report Connectivity Checks                                                 ; On                 ; On                 ;
; Ignore Maximum Fan-Out Assignments                                         ; Off                ; Off                ;
; Synchronization Register Chain Length                                      ; 2                  ; 2                  ;
; PowerPlay Power Optimization                                               ; Normal compilation ; Normal compilation ;
; HDL message level                                                          ; Level2             ; Level2             ;
; Suppress Register Optimization Related Messages                            ; Off                ; Off                ;
; Number of Removed Registers Reported in Synthesis Report                   ; 5000               ; 5000               ;
; Number of Swept Nodes Reported in Synthesis Report                         ; 5000               ; 5000               ;
; Number of Inverted Registers Reported in Synthesis Report                  ; 100                ; 100                ;
; Clock MUX Protection                                                       ; On                 ; On                 ;
; Auto Gated Clock Conversion                                                ; Off                ; Off                ;
; Block Design Naming                                                        ; Auto               ; Auto               ;
; SDC constraint protection                                                  ; Off                ; Off                ;
; Synthesis Effort                                                           ; Auto               ; Auto               ;
; Shift Register Replacement - Allow Asynchronous Clear Signal               ; On                 ; On                 ;
; Pre-Mapping Resynthesis Optimization                                       ; Off                ; Off                ;
; Analysis & Synthesis Message Level                                         ; Medium             ; Medium             ;
; Disable Register Merging Across Hierarchies                                ; Auto               ; Auto               ;
; Resource Aware Inference For Block RAM                                     ; On                 ; On                 ;
; Synthesis Seed                                                             ; 1                  ; 1                  ;
+----------------------------------------------------------------------------+--------------------+--------------------+


Parallel compilation was disabled, but you have multiple processors available. Enable parallel compilation to reduce compilation time.
+-------------------------------------+
; Parallel Compilation                ;
+----------------------------+--------+
; Processors                 ; Number ;
+----------------------------+--------+
; Number detected on machine ; 8      ;
; Maximum allowed            ; 1      ;
+----------------------------+--------+


+----------------------------------------------------------------------------------------------------------------------------------------------------------------------------------------------------+
; Analysis & Synthesis Source Files Read                                                                                                                                                             ;
+----------------------------------+-----------------+------------------------+------------------------------------------------------------------------------------------------------------+---------+
; File Name with User-Entered Path ; Used in Netlist ; File Type              ; File Name with Absolute Path                                                                               ; Library ;
+----------------------------------+-----------------+------------------------+------------------------------------------------------------------------------------------------------------+---------+
; WRAPPER_EXAM_III.v               ; yes             ; User Verilog HDL File  ; H:/TEACHING/ECE_287/FALL_2015/EXAMS/EXAM3_GENERATOR/DE2_115_QUARTUS_14/WRAPPER_EXAM_III/WRAPPER_EXAM_III.v ;         ;
+----------------------------------+-----------------+------------------------+------------------------------------------------------------------------------------------------------------+---------+


+--------------------------------------------------------------+
; Analysis & Synthesis Resource Usage Summary                  ;
+---------------------------------------------+----------------+
; Resource                                    ; Usage          ;
+---------------------------------------------+----------------+
; Estimated Total logic elements              ; 686            ;
;                                             ;                ;
; Total combinational functions               ; 614            ;
; Logic element usage by number of LUT inputs ;                ;
;     -- 4 input functions                    ; 178            ;
;     -- 3 input functions                    ; 60             ;
;     -- <=2 input functions                  ; 376            ;
;                                             ;                ;
; Logic elements by mode                      ;                ;
;     -- normal mode                          ; 280            ;
;     -- arithmetic mode                      ; 334            ;
;                                             ;                ;
; Total registers                             ; 538            ;
;     -- Dedicated logic registers            ; 538            ;
;     -- I/O registers                        ; 0              ;
;                                             ;                ;
; I/O pins                                    ; 50             ;
; Embedded Multiplier 9-bit elements          ; 0              ;
; Maximum fan-out node                        ; CLOCK_50~input ;
; Maximum fan-out                             ; 538            ;
; Total fan-out                               ; 3736           ;
; Average fan-out                             ; 2.98           ;
+---------------------------------------------+----------------+


+----------------------------------------------------------------------------------------------------------------------------------------------------------------------------------------------------------------------+
; Analysis & Synthesis Resource Utilization by Entity                                                                                                                                                                  ;
+------------------------------------+-------------------+--------------+-------------+--------------+---------+-----------+------+--------------+------------------------------------------------------+--------------+
; Compilation Hierarchy Node         ; LC Combinationals ; LC Registers ; Memory Bits ; DSP Elements ; DSP 9x9 ; DSP 18x18 ; Pins ; Virtual Pins ; Full Hierarchy Name                                  ; Library Name ;
+------------------------------------+-------------------+--------------+-------------+--------------+---------+-----------+------+--------------+------------------------------------------------------+--------------+
; |WRAPPER_EXAM_III                  ; 614 (33)          ; 538 (105)    ; 0           ; 0            ; 0       ; 0         ; 50   ; 0            ; |WRAPPER_EXAM_III                                    ; work         ;
;    |debounce_DE2_SW:deb|           ; 548 (0)           ; 400 (0)      ; 0           ; 0            ; 0       ; 0         ; 0    ; 0            ; |WRAPPER_EXAM_III|debounce_DE2_SW:deb                ; work         ;
;       |debouncer:sw0|              ; 34 (34)           ; 25 (25)      ; 0           ; 0            ; 0       ; 0         ; 0    ; 0            ; |WRAPPER_EXAM_III|debounce_DE2_SW:deb|debouncer:sw0  ; work         ;
;       |debouncer:sw10|             ; 34 (34)           ; 25 (25)      ; 0           ; 0            ; 0       ; 0         ; 0    ; 0            ; |WRAPPER_EXAM_III|debounce_DE2_SW:deb|debouncer:sw10 ; work         ;
;       |debouncer:sw11|             ; 34 (34)           ; 25 (25)      ; 0           ; 0            ; 0       ; 0         ; 0    ; 0            ; |WRAPPER_EXAM_III|debounce_DE2_SW:deb|debouncer:sw11 ; work         ;
;       |debouncer:sw12|             ; 35 (35)           ; 25 (25)      ; 0           ; 0            ; 0       ; 0         ; 0    ; 0            ; |WRAPPER_EXAM_III|debounce_DE2_SW:deb|debouncer:sw12 ; work         ;
;       |debouncer:sw13|             ; 35 (35)           ; 25 (25)      ; 0           ; 0            ; 0       ; 0         ; 0    ; 0            ; |WRAPPER_EXAM_III|debounce_DE2_SW:deb|debouncer:sw13 ; work         ;
;       |debouncer:sw14|             ; 34 (34)           ; 25 (25)      ; 0           ; 0            ; 0       ; 0         ; 0    ; 0            ; |WRAPPER_EXAM_III|debounce_DE2_SW:deb|debouncer:sw14 ; work         ;
;       |debouncer:sw15|             ; 34 (34)           ; 25 (25)      ; 0           ; 0            ; 0       ; 0         ; 0    ; 0            ; |WRAPPER_EXAM_III|debounce_DE2_SW:deb|debouncer:sw15 ; work         ;
;       |debouncer:sw1|              ; 34 (34)           ; 25 (25)      ; 0           ; 0            ; 0       ; 0         ; 0    ; 0            ; |WRAPPER_EXAM_III|debounce_DE2_SW:deb|debouncer:sw1  ; work         ;
;       |debouncer:sw2|              ; 34 (34)           ; 25 (25)      ; 0           ; 0            ; 0       ; 0         ; 0    ; 0            ; |WRAPPER_EXAM_III|debounce_DE2_SW:deb|debouncer:sw2  ; work         ;
;       |debouncer:sw3|              ; 34 (34)           ; 25 (25)      ; 0           ; 0            ; 0       ; 0         ; 0    ; 0            ; |WRAPPER_EXAM_III|debounce_DE2_SW:deb|debouncer:sw3  ; work         ;
;       |debouncer:sw4|              ; 34 (34)           ; 25 (25)      ; 0           ; 0            ; 0       ; 0         ; 0    ; 0            ; |WRAPPER_EXAM_III|debounce_DE2_SW:deb|debouncer:sw4  ; work         ;
;       |debouncer:sw5|              ; 34 (34)           ; 25 (25)      ; 0           ; 0            ; 0       ; 0         ; 0    ; 0            ; |WRAPPER_EXAM_III|debounce_DE2_SW:deb|debouncer:sw5  ; work         ;
;       |debouncer:sw6|              ; 34 (34)           ; 25 (25)      ; 0           ; 0            ; 0       ; 0         ; 0    ; 0            ; |WRAPPER_EXAM_III|debounce_DE2_SW:deb|debouncer:sw6  ; work         ;
;       |debouncer:sw7|              ; 35 (35)           ; 25 (25)      ; 0           ; 0            ; 0       ; 0         ; 0    ; 0            ; |WRAPPER_EXAM_III|debounce_DE2_SW:deb|debouncer:sw7  ; work         ;
;       |debouncer:sw8|              ; 34 (34)           ; 25 (25)      ; 0           ; 0            ; 0       ; 0         ; 0    ; 0            ; |WRAPPER_EXAM_III|debounce_DE2_SW:deb|debouncer:sw8  ; work         ;
;       |debouncer:sw9|              ; 35 (35)           ; 25 (25)      ; 0           ; 0            ; 0       ; 0         ; 0    ; 0            ; |WRAPPER_EXAM_III|debounce_DE2_SW:deb|debouncer:sw9  ; work         ;
;    |your_exam_module:instantiated| ; 33 (33)           ; 33 (33)      ; 0           ; 0            ; 0       ; 0         ; 0    ; 0            ; |WRAPPER_EXAM_III|your_exam_module:instantiated      ; work         ;
+------------------------------------+-------------------+--------------+-------------+--------------+---------+-----------+------+--------------+------------------------------------------------------+--------------+
Note: For table entries with two numbers listed, the numbers in parentheses indicate the number of resources of the given type used by the specific entity alone. The numbers listed outside of parentheses indicate the total resources of the given type used by the specific entity and all of its sub-entities in the hierarchy.


Encoding Type:  One-Hot
+--------------------------------------------------------------------------------------------------------------------------------------------------------------+
; State Machine - |WRAPPER_EXAM_III|S                                                                                                                          ;
+-----------+----------+---------+---------+---------+---------+-----------+---------+----------+---------+----------+---------+----------+---------+----------+
; Name      ; S.DANGER ; S.GOT_D ; S.GOT_C ; S.GOT_B ; S.GOT_A ; S.EXECUTE ; S.GET_D ; S.WAIT_D ; S.GET_C ; S.WAIT_C ; S.GET_B ; S.WAIT_B ; S.GET_A ; S.WAIT_A ;
+-----------+----------+---------+---------+---------+---------+-----------+---------+----------+---------+----------+---------+----------+---------+----------+
; S.WAIT_A  ; 0        ; 0       ; 0       ; 0       ; 0       ; 0         ; 0       ; 0        ; 0       ; 0        ; 0       ; 0        ; 0       ; 0        ;
; S.GET_A   ; 0        ; 0       ; 0       ; 0       ; 0       ; 0         ; 0       ; 0        ; 0       ; 0        ; 0       ; 0        ; 1       ; 1        ;
; S.WAIT_B  ; 0        ; 0       ; 0       ; 0       ; 0       ; 0         ; 0       ; 0        ; 0       ; 0        ; 0       ; 1        ; 0       ; 1        ;
; S.GET_B   ; 0        ; 0       ; 0       ; 0       ; 0       ; 0         ; 0       ; 0        ; 0       ; 0        ; 1       ; 0        ; 0       ; 1        ;
; S.WAIT_C  ; 0        ; 0       ; 0       ; 0       ; 0       ; 0         ; 0       ; 0        ; 0       ; 1        ; 0       ; 0        ; 0       ; 1        ;
; S.GET_C   ; 0        ; 0       ; 0       ; 0       ; 0       ; 0         ; 0       ; 0        ; 1       ; 0        ; 0       ; 0        ; 0       ; 1        ;
; S.WAIT_D  ; 0        ; 0       ; 0       ; 0       ; 0       ; 0         ; 0       ; 1        ; 0       ; 0        ; 0       ; 0        ; 0       ; 1        ;
; S.GET_D   ; 0        ; 0       ; 0       ; 0       ; 0       ; 0         ; 1       ; 0        ; 0       ; 0        ; 0       ; 0        ; 0       ; 1        ;
; S.EXECUTE ; 0        ; 0       ; 0       ; 0       ; 0       ; 1         ; 0       ; 0        ; 0       ; 0        ; 0       ; 0        ; 0       ; 1        ;
; S.GOT_A   ; 0        ; 0       ; 0       ; 0       ; 1       ; 0         ; 0       ; 0        ; 0       ; 0        ; 0       ; 0        ; 0       ; 1        ;
; S.GOT_B   ; 0        ; 0       ; 0       ; 1       ; 0       ; 0         ; 0       ; 0        ; 0       ; 0        ; 0       ; 0        ; 0       ; 1        ;
; S.GOT_C   ; 0        ; 0       ; 1       ; 0       ; 0       ; 0         ; 0       ; 0        ; 0       ; 0        ; 0       ; 0        ; 0       ; 1        ;
; S.GOT_D   ; 0        ; 1       ; 0       ; 0       ; 0       ; 0         ; 0       ; 0        ; 0       ; 0        ; 0       ; 0        ; 0       ; 1        ;
; S.DANGER  ; 1        ; 0       ; 0       ; 0       ; 0       ; 0         ; 0       ; 0        ; 0       ; 0        ; 0       ; 0        ; 0       ; 1        ;
+-----------+----------+---------+---------+---------+---------+-----------+---------+----------+---------+----------+---------+----------+---------+----------+


Encoding Type:  One-Hot
+------------------------------------------------------------------------+
; State Machine - |WRAPPER_EXAM_III|debounce_DE2_SW:deb|debouncer:sw16|S ;
+------------+------------+------+------------+--------------------------+
; Name       ; S.OFF_2_ON ; S.ON ; S.ON_2_OFF ; S.OFF                    ;
+------------+------------+------+------------+--------------------------+
; S.OFF      ; 0          ; 0    ; 0          ; 0                        ;
; S.ON_2_OFF ; 0          ; 0    ; 1          ; 1                        ;
; S.ON       ; 0          ; 1    ; 0          ; 1                        ;
; S.OFF_2_ON ; 1          ; 0    ; 0          ; 1                        ;
+------------+------------+------+------------+--------------------------+


Encoding Type:  One-Hot
+------------------------------------------------------------------------+
; State Machine - |WRAPPER_EXAM_III|debounce_DE2_SW:deb|debouncer:sw15|S ;
+------------+------------+------+------------+--------------------------+
; Name       ; S.OFF_2_ON ; S.ON ; S.ON_2_OFF ; S.OFF                    ;
+------------+------------+------+------------+--------------------------+
; S.OFF      ; 0          ; 0    ; 0          ; 0                        ;
; S.ON_2_OFF ; 0          ; 0    ; 1          ; 1                        ;
; S.ON       ; 0          ; 1    ; 0          ; 1                        ;
; S.OFF_2_ON ; 1          ; 0    ; 0          ; 1                        ;
+------------+------------+------+------------+--------------------------+


Encoding Type:  One-Hot
+------------------------------------------------------------------------+
; State Machine - |WRAPPER_EXAM_III|debounce_DE2_SW:deb|debouncer:sw14|S ;
+------------+------------+------+------------+--------------------------+
; Name       ; S.OFF_2_ON ; S.ON ; S.ON_2_OFF ; S.OFF                    ;
+------------+------------+------+------------+--------------------------+
; S.OFF      ; 0          ; 0    ; 0          ; 0                        ;
; S.ON_2_OFF ; 0          ; 0    ; 1          ; 1                        ;
; S.ON       ; 0          ; 1    ; 0          ; 1                        ;
; S.OFF_2_ON ; 1          ; 0    ; 0          ; 1                        ;
+------------+------------+------+------------+--------------------------+


Encoding Type:  One-Hot
+------------------------------------------------------------------------+
; State Machine - |WRAPPER_EXAM_III|debounce_DE2_SW:deb|debouncer:sw13|S ;
+------------+------------+------+------------+--------------------------+
; Name       ; S.OFF_2_ON ; S.ON ; S.ON_2_OFF ; S.OFF                    ;
+------------+------------+------+------------+--------------------------+
; S.OFF      ; 0          ; 0    ; 0          ; 0                        ;
; S.ON_2_OFF ; 0          ; 0    ; 1          ; 1                        ;
; S.ON       ; 0          ; 1    ; 0          ; 1                        ;
; S.OFF_2_ON ; 1          ; 0    ; 0          ; 1                        ;
+------------+------------+------+------------+--------------------------+


Encoding Type:  One-Hot
+------------------------------------------------------------------------+
; State Machine - |WRAPPER_EXAM_III|debounce_DE2_SW:deb|debouncer:sw12|S ;
+------------+------------+------+------------+--------------------------+
; Name       ; S.OFF_2_ON ; S.ON ; S.ON_2_OFF ; S.OFF                    ;
+------------+------------+------+------------+--------------------------+
; S.OFF      ; 0          ; 0    ; 0          ; 0                        ;
; S.ON_2_OFF ; 0          ; 0    ; 1          ; 1                        ;
; S.ON       ; 0          ; 1    ; 0          ; 1                        ;
; S.OFF_2_ON ; 1          ; 0    ; 0          ; 1                        ;
+------------+------------+------+------------+--------------------------+


Encoding Type:  One-Hot
+------------------------------------------------------------------------+
; State Machine - |WRAPPER_EXAM_III|debounce_DE2_SW:deb|debouncer:sw11|S ;
+------------+------------+------+------------+--------------------------+
; Name       ; S.OFF_2_ON ; S.ON ; S.ON_2_OFF ; S.OFF                    ;
+------------+------------+------+------------+--------------------------+
; S.OFF      ; 0          ; 0    ; 0          ; 0                        ;
; S.ON_2_OFF ; 0          ; 0    ; 1          ; 1                        ;
; S.ON       ; 0          ; 1    ; 0          ; 1                        ;
; S.OFF_2_ON ; 1          ; 0    ; 0          ; 1                        ;
+------------+------------+------+------------+--------------------------+


Encoding Type:  One-Hot
+------------------------------------------------------------------------+
; State Machine - |WRAPPER_EXAM_III|debounce_DE2_SW:deb|debouncer:sw10|S ;
+------------+------------+------+------------+--------------------------+
; Name       ; S.OFF_2_ON ; S.ON ; S.ON_2_OFF ; S.OFF                    ;
+------------+------------+------+------------+--------------------------+
; S.OFF      ; 0          ; 0    ; 0          ; 0                        ;
; S.ON_2_OFF ; 0          ; 0    ; 1          ; 1                        ;
; S.ON       ; 0          ; 1    ; 0          ; 1                        ;
; S.OFF_2_ON ; 1          ; 0    ; 0          ; 1                        ;
+------------+------------+------+------------+--------------------------+


Encoding Type:  One-Hot
+-----------------------------------------------------------------------+
; State Machine - |WRAPPER_EXAM_III|debounce_DE2_SW:deb|debouncer:sw9|S ;
+------------+------------+------+------------+-------------------------+
; Name       ; S.OFF_2_ON ; S.ON ; S.ON_2_OFF ; S.OFF                   ;
+------------+------------+------+------------+-------------------------+
; S.OFF      ; 0          ; 0    ; 0          ; 0                       ;
; S.ON_2_OFF ; 0          ; 0    ; 1          ; 1                       ;
; S.ON       ; 0          ; 1    ; 0          ; 1                       ;
; S.OFF_2_ON ; 1          ; 0    ; 0          ; 1                       ;
+------------+------------+------+------------+-------------------------+


Encoding Type:  One-Hot
+-----------------------------------------------------------------------+
; State Machine - |WRAPPER_EXAM_III|debounce_DE2_SW:deb|debouncer:sw8|S ;
+------------+------------+------+------------+-------------------------+
; Name       ; S.OFF_2_ON ; S.ON ; S.ON_2_OFF ; S.OFF                   ;
+------------+------------+------+------------+-------------------------+
; S.OFF      ; 0          ; 0    ; 0          ; 0                       ;
; S.ON_2_OFF ; 0          ; 0    ; 1          ; 1                       ;
; S.ON       ; 0          ; 1    ; 0          ; 1                       ;
; S.OFF_2_ON ; 1          ; 0    ; 0          ; 1                       ;
+------------+------------+------+------------+-------------------------+


Encoding Type:  One-Hot
+-----------------------------------------------------------------------+
; State Machine - |WRAPPER_EXAM_III|debounce_DE2_SW:deb|debouncer:sw7|S ;
+------------+------------+------+------------+-------------------------+
; Name       ; S.OFF_2_ON ; S.ON ; S.ON_2_OFF ; S.OFF                   ;
+------------+------------+------+------------+-------------------------+
; S.OFF      ; 0          ; 0    ; 0          ; 0                       ;
; S.ON_2_OFF ; 0          ; 0    ; 1          ; 1                       ;
; S.ON       ; 0          ; 1    ; 0          ; 1                       ;
; S.OFF_2_ON ; 1          ; 0    ; 0          ; 1                       ;
+------------+------------+------+------------+-------------------------+


Encoding Type:  One-Hot
+-----------------------------------------------------------------------+
; State Machine - |WRAPPER_EXAM_III|debounce_DE2_SW:deb|debouncer:sw6|S ;
+------------+------------+------+------------+-------------------------+
; Name       ; S.OFF_2_ON ; S.ON ; S.ON_2_OFF ; S.OFF                   ;
+------------+------------+------+------------+-------------------------+
; S.OFF      ; 0          ; 0    ; 0          ; 0                       ;
; S.ON_2_OFF ; 0          ; 0    ; 1          ; 1                       ;
; S.ON       ; 0          ; 1    ; 0          ; 1                       ;
; S.OFF_2_ON ; 1          ; 0    ; 0          ; 1                       ;
+------------+------------+------+------------+-------------------------+


Encoding Type:  One-Hot
+-----------------------------------------------------------------------+
; State Machine - |WRAPPER_EXAM_III|debounce_DE2_SW:deb|debouncer:sw5|S ;
+------------+------------+------+------------+-------------------------+
; Name       ; S.OFF_2_ON ; S.ON ; S.ON_2_OFF ; S.OFF                   ;
+------------+------------+------+------------+-------------------------+
; S.OFF      ; 0          ; 0    ; 0          ; 0                       ;
; S.ON_2_OFF ; 0          ; 0    ; 1          ; 1                       ;
; S.ON       ; 0          ; 1    ; 0          ; 1                       ;
; S.OFF_2_ON ; 1          ; 0    ; 0          ; 1                       ;
+------------+------------+------+------------+-------------------------+


Encoding Type:  One-Hot
+-----------------------------------------------------------------------+
; State Machine - |WRAPPER_EXAM_III|debounce_DE2_SW:deb|debouncer:sw4|S ;
+------------+------------+------+------------+-------------------------+
; Name       ; S.OFF_2_ON ; S.ON ; S.ON_2_OFF ; S.OFF                   ;
+------------+------------+------+------------+-------------------------+
; S.OFF      ; 0          ; 0    ; 0          ; 0                       ;
; S.ON_2_OFF ; 0          ; 0    ; 1          ; 1                       ;
; S.ON       ; 0          ; 1    ; 0          ; 1                       ;
; S.OFF_2_ON ; 1          ; 0    ; 0          ; 1                       ;
+------------+------------+------+------------+-------------------------+


Encoding Type:  One-Hot
+-----------------------------------------------------------------------+
; State Machine - |WRAPPER_EXAM_III|debounce_DE2_SW:deb|debouncer:sw3|S ;
+------------+------------+------+------------+-------------------------+
; Name       ; S.OFF_2_ON ; S.ON ; S.ON_2_OFF ; S.OFF                   ;
+------------+------------+------+------------+-------------------------+
; S.OFF      ; 0          ; 0    ; 0          ; 0                       ;
; S.ON_2_OFF ; 0          ; 0    ; 1          ; 1                       ;
; S.ON       ; 0          ; 1    ; 0          ; 1                       ;
; S.OFF_2_ON ; 1          ; 0    ; 0          ; 1                       ;
+------------+------------+------+------------+-------------------------+


Encoding Type:  One-Hot
+-----------------------------------------------------------------------+
; State Machine - |WRAPPER_EXAM_III|debounce_DE2_SW:deb|debouncer:sw2|S ;
+------------+------------+------+------------+-------------------------+
; Name       ; S.OFF_2_ON ; S.ON ; S.ON_2_OFF ; S.OFF                   ;
+------------+------------+------+------------+-------------------------+
; S.OFF      ; 0          ; 0    ; 0          ; 0                       ;
; S.ON_2_OFF ; 0          ; 0    ; 1          ; 1                       ;
; S.ON       ; 0          ; 1    ; 0          ; 1                       ;
; S.OFF_2_ON ; 1          ; 0    ; 0          ; 1                       ;
+------------+------------+------+------------+-------------------------+


Encoding Type:  One-Hot
+-----------------------------------------------------------------------+
; State Machine - |WRAPPER_EXAM_III|debounce_DE2_SW:deb|debouncer:sw1|S ;
+------------+------------+------+------------+-------------------------+
; Name       ; S.OFF_2_ON ; S.ON ; S.ON_2_OFF ; S.OFF                   ;
+------------+------------+------+------------+-------------------------+
; S.OFF      ; 0          ; 0    ; 0          ; 0                       ;
; S.ON_2_OFF ; 0          ; 0    ; 1          ; 1                       ;
; S.ON       ; 0          ; 1    ; 0          ; 1                       ;
; S.OFF_2_ON ; 1          ; 0    ; 0          ; 1                       ;
+------------+------------+------+------------+-------------------------+


Encoding Type:  One-Hot
+-----------------------------------------------------------------------+
; State Machine - |WRAPPER_EXAM_III|debounce_DE2_SW:deb|debouncer:sw0|S ;
+------------+------------+------+------------+-------------------------+
; Name       ; S.OFF_2_ON ; S.ON ; S.ON_2_OFF ; S.OFF                   ;
+------------+------------+------+------------+-------------------------+
; S.OFF      ; 0          ; 0    ; 0          ; 0                       ;
; S.ON_2_OFF ; 0          ; 0    ; 1          ; 1                       ;
; S.ON       ; 0          ; 1    ; 0          ; 1                       ;
; S.OFF_2_ON ; 1          ; 0    ; 0          ; 1                       ;
+------------+------------+------+------------+-------------------------+


+----------------------------------------------------------------------------------------------+
; Registers Removed During Synthesis                                                           ;
+-----------------------------------------------------+----------------------------------------+
; Register name                                       ; Reason for Removal                     ;
+-----------------------------------------------------+----------------------------------------+
; S~4                                                 ; Lost fanout                            ;
; S~5                                                 ; Lost fanout                            ;
; S~6                                                 ; Lost fanout                            ;
; S~7                                                 ; Lost fanout                            ;
; debounce_DE2_SW:deb|debouncer:sw16|S~4              ; Lost fanout                            ;
; debounce_DE2_SW:deb|debouncer:sw16|S~5              ; Lost fanout                            ;
; debounce_DE2_SW:deb|debouncer:sw15|S~4              ; Lost fanout                            ;
; debounce_DE2_SW:deb|debouncer:sw15|S~5              ; Lost fanout                            ;
; debounce_DE2_SW:deb|debouncer:sw14|S~4              ; Lost fanout                            ;
; debounce_DE2_SW:deb|debouncer:sw14|S~5              ; Lost fanout                            ;
; debounce_DE2_SW:deb|debouncer:sw13|S~4              ; Lost fanout                            ;
; debounce_DE2_SW:deb|debouncer:sw13|S~5              ; Lost fanout                            ;
; debounce_DE2_SW:deb|debouncer:sw12|S~4              ; Lost fanout                            ;
; debounce_DE2_SW:deb|debouncer:sw12|S~5              ; Lost fanout                            ;
; debounce_DE2_SW:deb|debouncer:sw11|S~4              ; Lost fanout                            ;
; debounce_DE2_SW:deb|debouncer:sw11|S~5              ; Lost fanout                            ;
; debounce_DE2_SW:deb|debouncer:sw10|S~4              ; Lost fanout                            ;
; debounce_DE2_SW:deb|debouncer:sw10|S~5              ; Lost fanout                            ;
; debounce_DE2_SW:deb|debouncer:sw9|S~4               ; Lost fanout                            ;
; debounce_DE2_SW:deb|debouncer:sw9|S~5               ; Lost fanout                            ;
; debounce_DE2_SW:deb|debouncer:sw8|S~4               ; Lost fanout                            ;
; debounce_DE2_SW:deb|debouncer:sw8|S~5               ; Lost fanout                            ;
; debounce_DE2_SW:deb|debouncer:sw7|S~4               ; Lost fanout                            ;
; debounce_DE2_SW:deb|debouncer:sw7|S~5               ; Lost fanout                            ;
; debounce_DE2_SW:deb|debouncer:sw6|S~4               ; Lost fanout                            ;
; debounce_DE2_SW:deb|debouncer:sw6|S~5               ; Lost fanout                            ;
; debounce_DE2_SW:deb|debouncer:sw5|S~4               ; Lost fanout                            ;
; debounce_DE2_SW:deb|debouncer:sw5|S~5               ; Lost fanout                            ;
; debounce_DE2_SW:deb|debouncer:sw4|S~4               ; Lost fanout                            ;
; debounce_DE2_SW:deb|debouncer:sw4|S~5               ; Lost fanout                            ;
; debounce_DE2_SW:deb|debouncer:sw3|S~4               ; Lost fanout                            ;
; debounce_DE2_SW:deb|debouncer:sw3|S~5               ; Lost fanout                            ;
; debounce_DE2_SW:deb|debouncer:sw2|S~4               ; Lost fanout                            ;
; debounce_DE2_SW:deb|debouncer:sw2|S~5               ; Lost fanout                            ;
; debounce_DE2_SW:deb|debouncer:sw1|S~4               ; Lost fanout                            ;
; debounce_DE2_SW:deb|debouncer:sw1|S~5               ; Lost fanout                            ;
; debounce_DE2_SW:deb|debouncer:sw0|S~4               ; Lost fanout                            ;
; debounce_DE2_SW:deb|debouncer:sw0|S~5               ; Lost fanout                            ;
; debounce_DE2_SW:deb|debouncer:sw16|b_counter[0..19] ; Lost fanout                            ;
; debounce_DE2_SW:deb|debouncer:sw16|S.OFF            ; Lost fanout                            ;
; debounce_DE2_SW:deb|debouncer:sw16|S.ON_2_OFF       ; Lost fanout                            ;
; debounce_DE2_SW:deb|debouncer:sw16|S.ON             ; Lost fanout                            ;
; debounce_DE2_SW:deb|debouncer:sw16|S.OFF_2_ON       ; Lost fanout                            ;
; S.DANGER                                            ; Stuck at GND due to stuck port data_in ;
; Total Number of Removed Registers = 63              ;                                        ;
+-----------------------------------------------------+----------------------------------------+


+--------------------------------------------------------------------------------------------------------------+
; Removed Registers Triggering Further Register Optimizations                                                  ;
+----------------------------------------+--------------------+------------------------------------------------+
; Register name                          ; Reason for Removal ; Registers Removed due to This Register         ;
+----------------------------------------+--------------------+------------------------------------------------+
; debounce_DE2_SW:deb|debouncer:sw16|S~4 ; Lost Fanouts       ; debounce_DE2_SW:deb|debouncer:sw16|S.OFF,      ;
;                                        ;                    ; debounce_DE2_SW:deb|debouncer:sw16|S.ON_2_OFF, ;
;                                        ;                    ; debounce_DE2_SW:deb|debouncer:sw16|S.ON,       ;
;                                        ;                    ; debounce_DE2_SW:deb|debouncer:sw16|S.OFF_2_ON  ;
+----------------------------------------+--------------------+------------------------------------------------+


+------------------------------------------------------+
; General Register Statistics                          ;
+----------------------------------------------+-------+
; Statistic                                    ; Value ;
+----------------------------------------------+-------+
; Total registers                              ; 538   ;
; Number of registers using Synchronous Clear  ; 320   ;
; Number of registers using Synchronous Load   ; 0     ;
; Number of registers using Asynchronous Clear ; 538   ;
; Number of registers using Asynchronous Load  ; 0     ;
; Number of registers using Clock Enable       ; 103   ;
; Number of registers using Preset             ; 0     ;
+----------------------------------------------+-------+


+----------------------------------------------------------------------------------+
; Parameter Settings for User Entity Instance: Top-level Entity: |WRAPPER_EXAM_III ;
+----------------+-------+---------------------------------------------------------+
; Parameter Name ; Value ; Type                                                    ;
+----------------+-------+---------------------------------------------------------+
; WAIT_A         ; 0000  ; Unsigned Binary                                         ;
; GET_A          ; 0001  ; Unsigned Binary                                         ;
; WAIT_B         ; 0010  ; Unsigned Binary                                         ;
; GET_B          ; 0011  ; Unsigned Binary                                         ;
; WAIT_C         ; 0100  ; Unsigned Binary                                         ;
; GET_C          ; 0101  ; Unsigned Binary                                         ;
; WAIT_D         ; 0110  ; Unsigned Binary                                         ;
; GET_D          ; 0111  ; Unsigned Binary                                         ;
; EXECUTE        ; 1000  ; Unsigned Binary                                         ;
; GOT_A          ; 1001  ; Unsigned Binary                                         ;
; GOT_B          ; 1010  ; Unsigned Binary                                         ;
; GOT_C          ; 1011  ; Unsigned Binary                                         ;
; GOT_D          ; 1100  ; Unsigned Binary                                         ;
; DANGER         ; 1111  ; Unsigned Binary                                         ;
+----------------+-------+---------------------------------------------------------+
Note: In order to hide this table in the UI and the text report file, please set the "Show Parameter Settings in Synthesis Report" option in "Analysis and Synthesis Settings -> More Settings" to "Off".


+--------------------------------------------------------------------------------+
; Parameter Settings for User Entity Instance: debounce_DE2_SW:deb|debouncer:sw0 ;
+----------------+-------+-------------------------------------------------------+
; Parameter Name ; Value ; Type                                                  ;
+----------------+-------+-------------------------------------------------------+
; ON             ; 00    ; Unsigned Binary                                       ;
; ON_2_OFF       ; 01    ; Unsigned Binary                                       ;
; OFF            ; 10    ; Unsigned Binary                                       ;
; OFF_2_ON       ; 11    ; Unsigned Binary                                       ;
+----------------+-------+-------------------------------------------------------+
Note: In order to hide this table in the UI and the text report file, please set the "Show Parameter Settings in Synthesis Report" option in "Analysis and Synthesis Settings -> More Settings" to "Off".


+--------------------------------------------------------------------------------+
; Parameter Settings for User Entity Instance: debounce_DE2_SW:deb|debouncer:sw1 ;
+----------------+-------+-------------------------------------------------------+
; Parameter Name ; Value ; Type                                                  ;
+----------------+-------+-------------------------------------------------------+
; ON             ; 00    ; Unsigned Binary                                       ;
; ON_2_OFF       ; 01    ; Unsigned Binary                                       ;
; OFF            ; 10    ; Unsigned Binary                                       ;
; OFF_2_ON       ; 11    ; Unsigned Binary                                       ;
+----------------+-------+-------------------------------------------------------+
Note: In order to hide this table in the UI and the text report file, please set the "Show Parameter Settings in Synthesis Report" option in "Analysis and Synthesis Settings -> More Settings" to "Off".


+--------------------------------------------------------------------------------+
; Parameter Settings for User Entity Instance: debounce_DE2_SW:deb|debouncer:sw2 ;
+----------------+-------+-------------------------------------------------------+
; Parameter Name ; Value ; Type                                                  ;
+----------------+-------+-------------------------------------------------------+
; ON             ; 00    ; Unsigned Binary                                       ;
; ON_2_OFF       ; 01    ; Unsigned Binary                                       ;
; OFF            ; 10    ; Unsigned Binary                                       ;
; OFF_2_ON       ; 11    ; Unsigned Binary                                       ;
+----------------+-------+-------------------------------------------------------+
Note: In order to hide this table in the UI and the text report file, please set the "Show Parameter Settings in Synthesis Report" option in "Analysis and Synthesis Settings -> More Settings" to "Off".


+--------------------------------------------------------------------------------+
; Parameter Settings for User Entity Instance: debounce_DE2_SW:deb|debouncer:sw3 ;
+----------------+-------+-------------------------------------------------------+
; Parameter Name ; Value ; Type                                                  ;
+----------------+-------+-------------------------------------------------------+
; ON             ; 00    ; Unsigned Binary                                       ;
; ON_2_OFF       ; 01    ; Unsigned Binary                                       ;
; OFF            ; 10    ; Unsigned Binary                                       ;
; OFF_2_ON       ; 11    ; Unsigned Binary                                       ;
+----------------+-------+-------------------------------------------------------+
Note: In order to hide this table in the UI and the text report file, please set the "Show Parameter Settings in Synthesis Report" option in "Analysis and Synthesis Settings -> More Settings" to "Off".


+--------------------------------------------------------------------------------+
; Parameter Settings for User Entity Instance: debounce_DE2_SW:deb|debouncer:sw4 ;
+----------------+-------+-------------------------------------------------------+
; Parameter Name ; Value ; Type                                                  ;
+----------------+-------+-------------------------------------------------------+
; ON             ; 00    ; Unsigned Binary                                       ;
; ON_2_OFF       ; 01    ; Unsigned Binary                                       ;
; OFF            ; 10    ; Unsigned Binary                                       ;
; OFF_2_ON       ; 11    ; Unsigned Binary                                       ;
+----------------+-------+-------------------------------------------------------+
Note: In order to hide this table in the UI and the text report file, please set the "Show Parameter Settings in Synthesis Report" option in "Analysis and Synthesis Settings -> More Settings" to "Off".


+--------------------------------------------------------------------------------+
; Parameter Settings for User Entity Instance: debounce_DE2_SW:deb|debouncer:sw5 ;
+----------------+-------+-------------------------------------------------------+
; Parameter Name ; Value ; Type                                                  ;
+----------------+-------+-------------------------------------------------------+
; ON             ; 00    ; Unsigned Binary                                       ;
; ON_2_OFF       ; 01    ; Unsigned Binary                                       ;
; OFF            ; 10    ; Unsigned Binary                                       ;
; OFF_2_ON       ; 11    ; Unsigned Binary                                       ;
+----------------+-------+-------------------------------------------------------+
Note: In order to hide this table in the UI and the text report file, please set the "Show Parameter Settings in Synthesis Report" option in "Analysis and Synthesis Settings -> More Settings" to "Off".


+--------------------------------------------------------------------------------+
; Parameter Settings for User Entity Instance: debounce_DE2_SW:deb|debouncer:sw6 ;
+----------------+-------+-------------------------------------------------------+
; Parameter Name ; Value ; Type                                                  ;
+----------------+-------+-------------------------------------------------------+
; ON             ; 00    ; Unsigned Binary                                       ;
; ON_2_OFF       ; 01    ; Unsigned Binary                                       ;
; OFF            ; 10    ; Unsigned Binary                                       ;
; OFF_2_ON       ; 11    ; Unsigned Binary                                       ;
+----------------+-------+-------------------------------------------------------+
Note: In order to hide this table in the UI and the text report file, please set the "Show Parameter Settings in Synthesis Report" option in "Analysis and Synthesis Settings -> More Settings" to "Off".


+--------------------------------------------------------------------------------+
; Parameter Settings for User Entity Instance: debounce_DE2_SW:deb|debouncer:sw7 ;
+----------------+-------+-------------------------------------------------------+
; Parameter Name ; Value ; Type                                                  ;
+----------------+-------+-------------------------------------------------------+
; ON             ; 00    ; Unsigned Binary                                       ;
; ON_2_OFF       ; 01    ; Unsigned Binary                                       ;
; OFF            ; 10    ; Unsigned Binary                                       ;
; OFF_2_ON       ; 11    ; Unsigned Binary                                       ;
+----------------+-------+-------------------------------------------------------+
Note: In order to hide this table in the UI and the text report file, please set the "Show Parameter Settings in Synthesis Report" option in "Analysis and Synthesis Settings -> More Settings" to "Off".


+--------------------------------------------------------------------------------+
; Parameter Settings for User Entity Instance: debounce_DE2_SW:deb|debouncer:sw8 ;
+----------------+-------+-------------------------------------------------------+
; Parameter Name ; Value ; Type                                                  ;
+----------------+-------+-------------------------------------------------------+
; ON             ; 00    ; Unsigned Binary                                       ;
; ON_2_OFF       ; 01    ; Unsigned Binary                                       ;
; OFF            ; 10    ; Unsigned Binary                                       ;
; OFF_2_ON       ; 11    ; Unsigned Binary                                       ;
+----------------+-------+-------------------------------------------------------+
Note: In order to hide this table in the UI and the text report file, please set the "Show Parameter Settings in Synthesis Report" option in "Analysis and Synthesis Settings -> More Settings" to "Off".


+--------------------------------------------------------------------------------+
; Parameter Settings for User Entity Instance: debounce_DE2_SW:deb|debouncer:sw9 ;
+----------------+-------+-------------------------------------------------------+
; Parameter Name ; Value ; Type                                                  ;
+----------------+-------+-------------------------------------------------------+
; ON             ; 00    ; Unsigned Binary                                       ;
; ON_2_OFF       ; 01    ; Unsigned Binary                                       ;
; OFF            ; 10    ; Unsigned Binary                                       ;
; OFF_2_ON       ; 11    ; Unsigned Binary                                       ;
+----------------+-------+-------------------------------------------------------+
Note: In order to hide this table in the UI and the text report file, please set the "Show Parameter Settings in Synthesis Report" option in "Analysis and Synthesis Settings -> More Settings" to "Off".


+---------------------------------------------------------------------------------+
; Parameter Settings for User Entity Instance: debounce_DE2_SW:deb|debouncer:sw10 ;
+----------------+-------+--------------------------------------------------------+
; Parameter Name ; Value ; Type                                                   ;
+----------------+-------+--------------------------------------------------------+
; ON             ; 00    ; Unsigned Binary                                        ;
; ON_2_OFF       ; 01    ; Unsigned Binary                                        ;
; OFF            ; 10    ; Unsigned Binary                                        ;
; OFF_2_ON       ; 11    ; Unsigned Binary                                        ;
+----------------+-------+--------------------------------------------------------+
Note: In order to hide this table in the UI and the text report file, please set the "Show Parameter Settings in Synthesis Report" option in "Analysis and Synthesis Settings -> More Settings" to "Off".


+---------------------------------------------------------------------------------+
; Parameter Settings for User Entity Instance: debounce_DE2_SW:deb|debouncer:sw11 ;
+----------------+-------+--------------------------------------------------------+
; Parameter Name ; Value ; Type                                                   ;
+----------------+-------+--------------------------------------------------------+
; ON             ; 00    ; Unsigned Binary                                        ;
; ON_2_OFF       ; 01    ; Unsigned Binary                                        ;
; OFF            ; 10    ; Unsigned Binary                                        ;
; OFF_2_ON       ; 11    ; Unsigned Binary                                        ;
+----------------+-------+--------------------------------------------------------+
Note: In order to hide this table in the UI and the text report file, please set the "Show Parameter Settings in Synthesis Report" option in "Analysis and Synthesis Settings -> More Settings" to "Off".


+---------------------------------------------------------------------------------+
; Parameter Settings for User Entity Instance: debounce_DE2_SW:deb|debouncer:sw12 ;
+----------------+-------+--------------------------------------------------------+
; Parameter Name ; Value ; Type                                                   ;
+----------------+-------+--------------------------------------------------------+
; ON             ; 00    ; Unsigned Binary                                        ;
; ON_2_OFF       ; 01    ; Unsigned Binary                                        ;
; OFF            ; 10    ; Unsigned Binary                                        ;
; OFF_2_ON       ; 11    ; Unsigned Binary                                        ;
+----------------+-------+--------------------------------------------------------+
Note: In order to hide this table in the UI and the text report file, please set the "Show Parameter Settings in Synthesis Report" option in "Analysis and Synthesis Settings -> More Settings" to "Off".


+---------------------------------------------------------------------------------+
; Parameter Settings for User Entity Instance: debounce_DE2_SW:deb|debouncer:sw13 ;
+----------------+-------+--------------------------------------------------------+
; Parameter Name ; Value ; Type                                                   ;
+----------------+-------+--------------------------------------------------------+
; ON             ; 00    ; Unsigned Binary                                        ;
; ON_2_OFF       ; 01    ; Unsigned Binary                                        ;
; OFF            ; 10    ; Unsigned Binary                                        ;
; OFF_2_ON       ; 11    ; Unsigned Binary                                        ;
+----------------+-------+--------------------------------------------------------+
Note: In order to hide this table in the UI and the text report file, please set the "Show Parameter Settings in Synthesis Report" option in "Analysis and Synthesis Settings -> More Settings" to "Off".


+---------------------------------------------------------------------------------+
; Parameter Settings for User Entity Instance: debounce_DE2_SW:deb|debouncer:sw14 ;
+----------------+-------+--------------------------------------------------------+
; Parameter Name ; Value ; Type                                                   ;
+----------------+-------+--------------------------------------------------------+
; ON             ; 00    ; Unsigned Binary                                        ;
; ON_2_OFF       ; 01    ; Unsigned Binary                                        ;
; OFF            ; 10    ; Unsigned Binary                                        ;
; OFF_2_ON       ; 11    ; Unsigned Binary                                        ;
+----------------+-------+--------------------------------------------------------+
Note: In order to hide this table in the UI and the text report file, please set the "Show Parameter Settings in Synthesis Report" option in "Analysis and Synthesis Settings -> More Settings" to "Off".


+---------------------------------------------------------------------------------+
; Parameter Settings for User Entity Instance: debounce_DE2_SW:deb|debouncer:sw15 ;
+----------------+-------+--------------------------------------------------------+
; Parameter Name ; Value ; Type                                                   ;
+----------------+-------+--------------------------------------------------------+
; ON             ; 00    ; Unsigned Binary                                        ;
; ON_2_OFF       ; 01    ; Unsigned Binary                                        ;
; OFF            ; 10    ; Unsigned Binary                                        ;
; OFF_2_ON       ; 11    ; Unsigned Binary                                        ;
+----------------+-------+--------------------------------------------------------+
Note: In order to hide this table in the UI and the text report file, please set the "Show Parameter Settings in Synthesis Report" option in "Analysis and Synthesis Settings -> More Settings" to "Off".


+---------------------------------------------------------------------------------+
; Parameter Settings for User Entity Instance: debounce_DE2_SW:deb|debouncer:sw16 ;
+----------------+-------+--------------------------------------------------------+
; Parameter Name ; Value ; Type                                                   ;
+----------------+-------+--------------------------------------------------------+
; ON             ; 00    ; Unsigned Binary                                        ;
; ON_2_OFF       ; 01    ; Unsigned Binary                                        ;
; OFF            ; 10    ; Unsigned Binary                                        ;
; OFF_2_ON       ; 11    ; Unsigned Binary                                        ;
+----------------+-------+--------------------------------------------------------+
Note: In order to hide this table in the UI and the text report file, please set the "Show Parameter Settings in Synthesis Report" option in "Analysis and Synthesis Settings -> More Settings" to "Off".


+-------------------------------------------------------------------------------------------------------------------+
; Port Connectivity Checks: "debounce_DE2_SW:deb"                                                                   ;
+---------+--------+----------+-------------------------------------------------------------------------------------+
; Port    ; Type   ; Severity ; Details                                                                             ;
+---------+--------+----------+-------------------------------------------------------------------------------------+
; SWO[16] ; Output ; Info     ; Connected to dangling logic. Logic that only feeds a dangling port will be removed. ;
+---------+--------+----------+-------------------------------------------------------------------------------------+


+-----------------------------------------------------+
; Post-Synthesis Netlist Statistics for Top Partition ;
+-----------------------+-----------------------------+
; Type                  ; Count                       ;
+-----------------------+-----------------------------+
; boundary_port         ; 50                          ;
; cycloneiii_ff         ; 538                         ;
;     CLR               ; 115                         ;
;     CLR SCLR          ; 320                         ;
;     ENA CLR           ; 103                         ;
; cycloneiii_lcell_comb ; 614                         ;
;     arith             ; 334                         ;
;         2 data inputs ; 304                         ;
;         3 data inputs ; 30                          ;
;     normal            ; 280                         ;
;         1 data inputs ; 16                          ;
;         2 data inputs ; 56                          ;
;         3 data inputs ; 30                          ;
;         4 data inputs ; 178                         ;
;                       ;                             ;
; Max LUT depth         ; 5.00                        ;
; Average LUT depth     ; 2.79                        ;
+-----------------------+-----------------------------+


+-------------------------------+
; Elapsed Time Per Partition    ;
+----------------+--------------+
; Partition Name ; Elapsed Time ;
+----------------+--------------+
; Top            ; 00:00:01     ;
+----------------+--------------+


+-------------------------------+
; Analysis & Synthesis Messages ;
+-------------------------------+
Info: *******************************************************************
Info: Running Quartus II 64-Bit Analysis & Synthesis
    Info: Version 14.0.0 Build 200 06/17/2014 SJ Web Edition
    Info: Processing started: Wed Dec 09 17:46:23 2015
Info: Command: quartus_map --read_settings_files=on --write_settings_files=off WRAPPER_EXAM_III -c WRAPPER_EXAM_III
Warning (20028): Parallel compilation is not licensed and has been disabled
Info (12021): Found 4 design units, including 4 entities, in source file wrapper_exam_iii.v
    Info (12023): Found entity 1: WRAPPER_EXAM_III
    Info (12023): Found entity 2: your_exam_module
    Info (12023): Found entity 3: debounce_DE2_SW
    Info (12023): Found entity 4: debouncer
Info (12127): Elaborating entity "WRAPPER_EXAM_III" for the top level hierarchy
Info (10264): Verilog HDL Case Statement information at WRAPPER_EXAM_III.v(93): all case item expressions in this case statement are onehot
Info (10264): Verilog HDL Case Statement information at WRAPPER_EXAM_III.v(175): all case item expressions in this case statement are onehot
Info (12128): Elaborating entity "your_exam_module" for hierarchy "your_exam_module:instantiated"
Info (12128): Elaborating entity "debounce_DE2_SW" for hierarchy "debounce_DE2_SW:deb"
Info (12128): Elaborating entity "debouncer" for hierarchy "debounce_DE2_SW:deb|debouncer:sw0"
Info (286030): Timing-Driven Synthesis is running
Info (17049): 62 registers lost all their fanouts during netlist optimizations.
Info (16010): Generating hard_block partition "hard_block:auto_generated_inst"
    Info (16011): Adding 0 node(s), including 0 DDIO, 0 PLL, 0 transceiver and 0 LCELL
Warning (21074): Design contains 3 input pin(s) that do not drive logic
    Warning (15610): No output dependent on input pin "KEY[2]"
    Warning (15610): No output dependent on input pin "KEY[3]"
    Warning (15610): No output dependent on input pin "SW[16]"
Info (21057): Implemented 736 device resources after synthesis - the final resource count might be different
    Info (21058): Implemented 23 input pins
    Info (21059): Implemented 27 output pins
    Info (21061): Implemented 686 logic cells
Info: Quartus II 64-Bit Analysis & Synthesis was successful. 0 errors, 5 warnings
    Info: Peak virtual memory: 555 megabytes
    Info: Processing ended: Wed Dec 09 17:46:31 2015
    Info: Elapsed time: 00:00:08
    Info: Total CPU time (on all processors): 00:00:03


